<?xml version="1.0" encoding="UTF-8"?>
<!-- Generated by org.testng.reporters.JUnitXMLReporter -->
<testsuite hostname="Ajith-PC" ignored="0" name="Test" tests="2" failures="1" timestamp="30 Apr 2019 14:59:47 GMT" time="32.5" errors="0">
  <testcase name="validLogin" time="2.52" classname="scripts.TestValidLogin">
    <failure type="java.lang.AssertionError" message="null">
      <![CDATA[java.lang.AssertionError: null
at scripts.TestValidLogin.validLogin(TestValidLogin.java:20)
... Removed 27 stack frames]]>
    </failure>
  </testcase> <!-- validLogin -->
  <testcase name="validLogin" time="17.122" classname="scripts.TestInvalidLogin"/>
</testsuite> <!-- Test -->
