<?xml version="1.0" encoding="UTF-8"?>
<!-- Generated by org.testng.reporters.JUnitXMLReporter -->
<testsuite hostname="Ajith-PC" ignored="0" name="Test" tests="2" failures="1" timestamp="02 May 2019 14:48:55 GMT" time="44.74" errors="0">
  <testcase name="validLogin" time="6.729" classname="scripts.TestValidLogin">
    <failure type="java.lang.AssertionError" message="null">
      <![CDATA[java.lang.AssertionError: null
at scripts.TestValidLogin.validLogin(TestValidLogin.java:20)
... Removed 31 stack frames]]>
    </failure>
  </testcase> <!-- validLogin -->
  <testcase name="validLogin" time="17.651" classname="scripts.TestInvalidLogin"/>
</testsuite> <!-- Test -->
