-------------------------------------------------------------------------------
Test set: TestSuite
-------------------------------------------------------------------------------
Tests run: 2, Failures: 1, Errors: 0, Skipped: 0, Time elapsed: 45.567 s <<< FAILURE! - in TestSuite
validLogin(scripts.TestValidLogin)  Time elapsed: 6.763 s  <<< FAILURE!
java.lang.AssertionError: null
	at scripts.TestValidLogin.validLogin(TestValidLogin.java:20)

